<?xml version="1.0" encoding="UTF-8"?>
<testsuite name="com.phonebook.tests.HomePageTests" tests="1" skipped="0" failures="0" errors="0" timestamp="2026-04-21T17:34:57" hostname="T14S" time="0.027">
  <properties/>
  <testcase name="isHomeComponentPresentTest" classname="com.phonebook.tests.HomePageTests" time="0.027"/>
  <system-out><![CDATA[19:34:57.827 [Test worker] INFO  com.phonebook.core.TestBase -- Start test isHomeComponentPresentTest with data: []
19:34:57.897 [Test worker] INFO  com.phonebook.core.TestBase -- PASSED: isHomeComponentPresentTest
19:34:57.897 [Test worker] INFO  com.phonebook.core.TestBase -- Stop test
19:34:57.898 [Test worker] INFO  com.phonebook.core.TestBase -- **************************
]]></system-out>
  <system-err><![CDATA[]]></system-err>
</testsuite>
